notifetch-android/app/build/outputs/mapping/release/seeds.txt
com.notifetch.app.notification.NotiFetchListenerService
com.notifetch.app.NotiFetchApp
com.notifetch.app.ui.viewmodel.HomeViewModel
com.notifetch.app.ui.viewmodel.SettingsViewModel
com.notifetch.app.data.remote.ApiResponse
com.notifetch.app.data.remote.NotificationPayload
com.notifetch.app.data.remote.VerifyPaymentResponse
com.notifetch.app.ui.viewmodel.ProfileViewModel
com.notifetch.app.MainActivity
com.notifetch.app.data.remote.AuthResponse
com.notifetch.app.notification.NotiFetchListenerService_GeneratedInjector
com.notifetch.app.MainActivity_GeneratedInjector
com.notifetch.app.worker.SyncWorker
com.notifetch.app.data.local.NotiFetchDatabase_Impl
com.notifetch.app.data.remote.FcmTokenPayload
com.notifetch.app.ui.viewmodel.EarningsViewModel
com.notifetch.app.firebase.NotiFetchMessagingService_GeneratedInjector
com.notifetch.app.data.local.PlatformConfig
com.notifetch.app.data.remote.CreateOrderResponse
com.notifetch.app.ui.viewmodel.NotificationDetailViewModel
com.notifetch.app.data.remote.VerifyPaymentPayload
com.notifetch.app.data.remote.NotiFetchApi
com.notifetch.app.data.remote.BatchNotificationPayload
com.notifetch.app.NotiFetchApp_GeneratedInjector
com.notifetch.app.firebase.NotiFetchMessagingService
com.notifetch.app.data.local.CapturedNotification
com.notifetch.app.data.remote.CreateOrderPayload
com.notifetch.app.data.local.NotiFetchDatabase
com.notifetch.app.data.remote.AuthPayload
com.notifetch.app.data.remote.NotificationPayload: java.lang.String receivedAt
com.notifetch.app.data.remote.VerifyPaymentResponse: java.lang.String error
com.notifetch.app.data.remote.NotificationPayload: java.lang.String body
com.notifetch.app.data.remote.VerifyPaymentPayload: java.lang.String razorpaySignature
com.notifetch.app.data.remote.NotificationPayload: java.lang.String source
com.notifetch.app.data.remote.VerifyPaymentPayload: java.lang.String razorpayOrderId
com.notifetch.app.data.remote.ApiResponse: java.lang.String id
com.notifetch.app.data.remote.CreateOrderResponse: java.lang.String key
com.notifetch.app.data.remote.CreateOrderPayload: int $stable
com.notifetch.app.data.remote.VerifyPaymentPayload: java.lang.String razorpayPaymentId
com.notifetch.app.data.remote.FcmTokenPayload: int $stable
com.notifetch.app.data.remote.FcmTokenPayload: java.lang.String token
com.notifetch.app.data.remote.NotificationPayload: int $stable
com.notifetch.app.data.remote.VerifyPaymentResponse: boolean success
com.notifetch.app.data.remote.NotificationPayload: java.lang.String distance
com.notifetch.app.data.remote.AuthResponse: java.lang.String customToken
com.notifetch.app.data.remote.AuthResponse: java.lang.String message
com.notifetch.app.data.remote.CreateOrderResponse: java.lang.String error
com.notifetch.app.data.remote.VerifyPaymentResponse: int $stable
com.notifetch.app.data.remote.BatchNotificationPayload: java.util.List notifications
com.notifetch.app.data.remote.BatchNotificationPayload: java.lang.String deviceId
com.notifetch.app.data.remote.AuthResponse: java.lang.String uid
com.notifetch.app.data.remote.NotificationPayload: java.lang.String dropoffLocation
com.notifetch.app.data.remote.NotificationPayload: java.lang.Double orderValue
com.notifetch.app.data.remote.VerifyPaymentPayload: java.lang.String plan
com.notifetch.app.data.remote.CreateOrderResponse: java.lang.String orderId
com.notifetch.app.data.remote.CreateOrderResponse: int amount
com.notifetch.app.data.remote.VerifyPaymentPayload: java.lang.String period
com.notifetch.app.data.remote.NotificationPayload: java.lang.String packageName
com.notifetch.app.data.remote.AuthPayload: java.lang.String token
com.notifetch.app.data.remote.VerifyPaymentPayload: int $stable
com.notifetch.app.data.remote.NotificationPayload: java.lang.String title
com.notifetch.app.data.remote.AuthResponse: boolean success
com.notifetch.app.data.remote.ApiResponse: boolean success
com.notifetch.app.data.remote.FcmTokenPayload: java.lang.String deviceId
...
androidx.compose.ui.graphics.AndroidGraphicsContext$UniqueDrawingIdApi29: long getUniqueDrawingId(android.view.View)
com.google.android.gms.internal.measurement.zzdy: java.lang.Long zzc()
com.google.android.gms.internal.firebase-auth-api.zzalx: void zza(java.lang.Class)
com.google.android.gms.internal.fido.zzdr: int zza()
com.google.android.gms.internal.measurement.zzjc: void zza(int,long)
com.google.android.recaptcha.internal.zzlo: zzlo(com.google.android.recaptcha.internal.zzlv[])
com.google.android.gms.internal.measurement.zzfo$zzc: com.google.android.gms.internal.measurement.zzfo$zzc zzb()
com.google.android.gms.internal.auth.zzbl: zzbl(com.google.android.gms.internal.auth.zzbo,com.google.android.gms.auth.api.proxy.ProxyRequest)
com.google.android.recaptcha.internal.zzod: int zzf()
com.google.android.play.core.integrity.s: com.google.android.play.core.integrity.IntegrityManager a()
com.google.firebase.messaging.WakeLockHolder: WakeLockHolder()
com.google.android.gms.internal.auth.zzeu: zzeu()
com.google.firebase.auth.internal.zzp: java.lang.String zza()
com.google.firebase.crashlytics.internal.model.AutoValue_CrashlyticsReport_Session_Event_Application: com.google.firebase.crashlytics.internal.model.CrashlyticsReport$Session$Event$Application$ProcessDetails getCurrentProcessDetails()
com.razorpay.D$_X_: void onGlobalLayout()
com.google.android.gms.internal.firebase-auth-api.zzak: boolean remove(java.lang.Object)
com.google.firebase.messaging.AutoProtoEncoderDoNotUseEncoder$ProtoEncoderDoNotUseEncoder: void encode(com.google.firebase.messaging.ProtoEncoderDoNotUse,com.google.firebase.encoders.ObjectEncoderContext)
androidx.compose.ui.window.Api33Impl: void maybeRegisterBackCallback(android.view.View,java.lang.Object)
com.google.firebase.sessions.settings.SettingsCache: java.lang.Double sessionSamplingRate()
com.google.firebase.encoders.proto.ProtobufDataEncoderContext: void writeVarInt32(int)
com.google.firebase.crashlytics.internal.common.AutoValue_InstallIdProvider_InstallIds: java.lang.String toString()
com.google.android.gms.internal.measurement.zzph: long zzd()
com.google.android.gms.internal.auth.zzai: com.google.android.gms.common.api.Status getStatus()
com.google.firebase.auth.zzx: void zza(com.google.android.gms.common.api.Status)
androidx.core.view.WindowInsetsCompat$Impl20: androidx.core.graphics.Insets getInsets(int)
com.google.android.recaptcha.internal.zzno: void zzn(int,java.util.List,boolean)
com.google.android.gms.internal.firebase-auth-api.zzga: zzga(com.google.android.gms.internal.firebase-auth-api.zzga$zza)
com.google.android.recaptcha.internal.zzdy: zzdy(java.lang.Exception,com.google.android.recaptcha.internal.zzek,com.google.android.recaptcha.internal.zzea,kotlin.coroutines.Continuation)
com.google.android.gms.internal.maps.zza: android.os.IBinder asBinder()
com.google.android.gms.internal.measurement.zzau: java.lang.Object next()
com.google.android.gms.internal.firebase-auth-api.zzalx: int zzf(int,java.util.List,boolean)
com.google.android.recaptcha.internal.zzlf: zzlf(java.util.Map$Entry,com.google.android.recaptcha.internal.zzle)
com.google.firebase.crashlytics.internal.breadcrumbs.DisabledBreadcrumbSource: DisabledBreadcrumbSource()
com.google.android.gms.internal.fido.zzam: zzam(java.lang.String,com.google.android.gms.internal.fido.zzal)
com.google.android.gms.internal.auth.zzha: void zzf()
com.razorpay.Q$$2_: Q$$2_(com.razorpay.CheckoutPresenterImpl,int,com.razorpay.CheckoutBridge$WebViewSafeCheckCallback)
com.google.android.gms.internal.firebase-auth-api.zziv: com.google.android.gms.internal.firebase-auth-api.zziv$zza zzc()
com.google.firebase.components.CycleDetector$Dep: CycleDetector$Dep(com.google.firebase.components.Qualified,boolean)
com.google.firebase.sessions.settings.RemoteSettings$clearCachedSettings$1: RemoteSettings$clearCachedSettings$1(com.google.firebase.sessions.settings.RemoteSettings,kotlin.coroutines.Continuation)